1554389272408	mozrunner::runner	INFO	Running command: "C:\\Program Files (x86)\\Mozilla Firefox\\firefox.exe" "-marionette" "-foreground" "-no-remote" "-profile" "C:\\Users\\Bouhafs\\AppData\\Local\\Temp\\rust_mozprofile.nb6UZkRsTyMx"
Unable to read VR Path Registry from C:\Users\Bouhafs\AppData\Local\openvr\openvrpaths.vrpath
Unable to read VR Path Registry from C:\Users\Bouhafs\AppData\Local\openvr\openvrpaths.vrpath
Unable to read VR Path Registry from C:\Users\Bouhafs\AppData\Local\openvr\openvrpaths.vrpath
Unable to read VR Path Registry from C:\Users\Bouhafs\AppData\Local\openvr\openvrpaths.vrpath
Unable to read VR Path Registry from C:\Users\Bouhafs\AppData\Local\openvr\openvrpaths.vrpath
1554389287400	Marionette	INFO	Listening on port 61151
1554389289153	Marionette	WARN	TLS certificate errors will be ignored for this session
[Child 11820, Chrome_ChildThread] WARNING: pipe error: 232: file z:/build/build/src/ipc/chromium/src/chrome/common/ipc_channel_win.cc, line 513
[Child 11820, Chrome_ChildThread] WARNING: pipe error: 109: file z:/build/build/src/ipc/ch[Parent 12876, Gecko_IOThread] WARNING: pipe error: 109: file z:/build/build/src/ipc/chromium/src/chrome/common/ipc_channel_win.cc, line 346
[Child 24224, Chrome_ChildThread] WARNING: pipe error: 109: file z:/build/build/src/ipc/chro[Pamiurenm/st 1rc/287c6, hromeGeck/coo_ImmOoThn/irepcad_c] haWAnnRNelIN_wG:i pn.cipe error: 109:c,  fileli nze 3:4/b6u
ild/build/src/ip[Cchild 2422/chromium/src/chrome/common/ipc_channel_win.cc, line 346
[Child 7960, Chrome_ChildThread] WARNING: pipe error: 109: file z:/build/build/src/ipc/chromi
###!!! [Child][MessageChannel::SendAndWait] Error: Channel error: cannot send/recv

 Gecko_IOThread] WARNING: pipe error: 109: file z:/build/build/src/ipc/chromium/src/chrome/common/ipc_channel_win.cc, line 346
[Child 7520, Chrome_ChildThread] WARNING: pipe error: 109: file z:/build/build/src/ipc/chromium/src/chrome/common/ipc_channel_win.cc, line 346
[Child 7520, Chrome_Ch[GPU 17332, 
###!!! [Child][MessageChannel::SendAndWait] Error: Channel error: cannot send/recv

l closing: too late to send/recv, messages will be lost

file z:
###!!! [Child][RunMessage] Error: Channel closing: too late to send/recv, messages will be lost

/buil
###!!! [Child][RunMessage] Error: Channel closing: too late to send/recv, messages will be lost

d/build/src/ipc/chromium/src/chrome/common/ipc_channel_win.cc, line 346
[Child 10572, Ch[Parent 16628, Gecko_IOThread] WARNING: pipe error: 109: file z:/build/build/src/ipc/chromium/src/chrome/common/ipc_channel_win.cc, line 346
[Child 4584, Chrome_ChildThread] WARNING: pipe error: 109: file z:/build/build/src/ipc/chromium/src/chrome/common/ipc_channel_win.cc, line 346
[Child 4584, C*** UTM:SVC TimerManager:registerTimer called after profile-before-change notification. Ignoring timer registration for id: telemetry_modules_ping

###!!! [Child][MessageChannel::SendAndWait] Error: Channel error: cannot send/recv

1554389390800	mozrunner::runner	INFO	Running command: "C:\\Program Files (x86)\\Mozilla Firefox\\firefox.exe" "-marionette" "-foreground" "-no-remote" "-profile" "C:\\Users\\Bouhafs\\AppData\\Local\\Temp\\rust_mozprofile.G4iWFicJG9Pm"
1554389391806	mozrunner::runner	INFO	Running command: "C:\\Program Files (x86)\\Mozilla FirefoxUnable to read VR Path Registry from C:\Users\Bouhafs\AppData\Local\openvr\openvrpaths.vrpath
Unable to read VR Path Registry from C:\UsersUnable to read VR Path Registry from C:\Users\Bouhafs\AppData\Local\openvr\openvrpaths.vrpath
Unable to read VR Path Registry from C:\Users\BouhUnable to read VR Path Registry from C:\Users\Bouhafs\AppData\Local\openvr\openvrpaths.vrpath
1554389398318	Marionette	INFO	Listening on port 61393
1554389398420	Marionette	WARN	TLS certificate errors will be ignored for this session[C[Parent 13808, Gecko_IOThread] WARNING: pipe error: 109: file z:/build/build/src/ipc/chromium/src/chrome/common/ipc_channel_win.cc, line 346
[Parent 13808, Gecko_IOThread] WARNING: pipe error: 109: file z:/build/build/src/ipc/chromium/src/chrome/common/ipc_channel_win.cc, line 346
[Child 15700, Chrome_ChildThread] WARNING: pipe error: 109: file z:/build/build/src/ipc/chromium/src/chrome/common/ipc_channel_win.cc, line 346
[Child 15700, Chrome_ChildThread] WARN[Parent 13808, Gecko_IOThread] WARNING: pipe error: 109: file z:/build/build/src/ipc/chromium/src/chrome/common/ipc_channel_win.cc, line 346
[Child 19340, Chrome_ChildThread] WARNING: pipe error: 109: file z:/build/build/src/ipc/chromium/src/chrome/common/ipc_channel_win.cc, line 346
[Child 19340,[GPU 19868, Chrome_C
###!!! [Child][MessageChannel::SendAndWait] Error: Channel error: cannot send/recv

rc/chrome/common/ipc_channel_win.cc, line 513
[Child 25096, Chrome_ChildThread] WARNING: pipe error: 109: file z:/build/build/src/ipc/chromium/src/chrome/common/ipc_channel_win.cc, line 346
[Child 25096, Chrome_ChildThread] WARNING: pipe error: 109: file z:/build/build/src/ipc/chromium/src/chrome/common/ipc_channel_win.cc, line 346

###!!! [Child][RunMessage] Error: Channel closing: too late to send/recv, messages will be lost

[Chil
###!!! [Child][RunMessage] Error: Channel closing: too late to send/recv, messages will be lost

[Paren
###!!! [Child][MessageChannel::SendAndWait] Error: Channel error: cannot send/recv

rc/chrome/common/ipc_channel_win.cc, line 346
[Child 20728, Chrome_ChildThread] WARNING: pipe error: 109: file z:/build/build/src/ipc/chromium/src/chrome/common/ipc_channel_win.cc, line 346
[Child 20728, Chrome_Child[GPU 9076, Chrome_ChildThr
###!!! [Child][MessageChannel::SendAndWait] Error: Channel error: cannot send/recv


1554389413617	Marionette	WARN	TLS certificate errors will be ignored for this session
[Parent 11776, Gecko_IOThread] WARNING: pipe error: 109: file z:/build/build/src/ipc/chromium/src/chrome/common/ipc_channel_win.cc, line 346
[Parent 11776, Gecko_IOThread] WARNING: pipe error: 109: file z:/build/build/src/ipc/chromium/src/chrome/common/ipc_channel_win.cc, line 346
[Child 10984, Chrome_ChildThread] WARNING: pipe error: 109: file z:/build/build/src/ipc/chromium/src/chrome/common/ipc_channel_win.[cCc, line 3hi46ld 1
7880, Chrome_[CChilhdild 1098Thread] WARNING: pipe error: 109: file z:/build/build/src/ipc/chromium/src/chrome/common/ipc_channel_win.cc, line 346
[Child 1788[Parent 11776, Gecko_IOThread] WARNING: pipe error: 109: file z:/build/build/src/ipc/chromium/src/chrome/common/ipc_channel_win.cc, line 346
[Child 11016, Chrome_ChildThread] WARNING: pipe error: 109: file z:/build/build/src/ipc/chromium/src/chrome/common/ipc_channel_win.cc, line 346
[Child 11016, Chrom
###!!! [Child][MessageChannel::SendAndWait] Error: Channel error: cannot send/recv

46
[Child 22484, Chrome_ChildThread] WARNING: pipe error: 109: file z:/build/build/src/ipc/chromium/src/chrome/common/ipc_c
###!!! [Child][RunMessage] Error: Channel closing: too late to send/recv, messages will be lost

hannel_win.cc, line 346
[Child 22484, Chrome_ChildThread] WARNING: pipe error: 109: file z:/[Child 12424, [Parent 22300, Gecko_IOThread] WARNING: pipe error: 109: file z:/build/build/src/ipc/chromium/src/chrome/common/ipc_channel_win.cc, line 346
[Parent 22300, Gecko_IOThread] WARNING: pipe error: 109: file z:/build/build/src/ipc/chromium/src/chrome/common/ipc_channel_win.cc, line 346

###!!! [Child][RunMessage] Error: Channel closing: too late to send/recv, messages will be lost


###!!! [Child][RunMessage] Error: Channel closing: too late to send/recv, messages will be lost

[Child 24628, Chrome_[Child 23840, Chrome_ChildThread] WARNING: pipe error: 109: file z:/build/build/src/ipc/chr[Child 4364, Chrome_ChildThread] WARNING: pipe error: 109: file z:/build/build/src/ipc/chromium/src/chrome/common/ipc_channel_win.cc, line 346
[Child 4364, Chrome_Chi[Parent 21840, Gecko_IOThread] WARNING: pipe e*** UTM:SVC TimerManager:registerTimer called after profile-before-change notification. Ignoring timer registration for id: telemetry_modules_ping

###!!! [Child][MessageChannel::SendAndWait] Error: Channel error: cannot send/recv

346
[Child 26224, *** UTM:SVC TimerManager:registerTimer called after profile-before-change notification. Ignoring timer registration for id: telemetry_modules_ping
[GPU 21648, Chrom
###!!! [Child][MessageChannel::SendAndWait] Error: Channel error: cannot send/recv

on/ipc_channel_win.cc, line 346
[Child 13260, Chrome_ChildThread] WARNING: pipe error: 109: file z:/build/build/src/ipc/chromi[Cum/hsrcil/chrd 2ome087/com6,mon C/ihrpcom_ce_haChinneldl_win.Thrccea, line d] W346
ARNING: pipe e[Chilrdror: 109: file z:/build/build/src/ipc/chromium/src/chrome/common/ipc_channel_win.cc, line 346
[Child 20876, Chrome_ChildTh[Parent 16176, Gecko_IOThread] WARNING: pipe error: 109: file z:/build/build/src/ipc/chromium/src/chrome/common/ipc_channel_win.cc, line 346
[Child 22772, Chrome_ChildThread] WARNING: pipe error: 109: file z:/build/build/src/ipc/chromium/src/chrome/common/ipc_channel_win.cc, line 346
[Child 227*** UTM:SVC TimerManager:registerTimer called after profile-before-change notification. Ignoring timer registration for id: telemetry_modules_ping
[GPU 15332,
###!!! [Child][MessageChannel::SendAndWait] Error: Channel error: cannot send/recv

1554392410351	mozrunner::runner	INFO	Running command: "C:\\Program Files (x86)\\Mozilla Firefox\\firefox.exe" "-marionette" "-foreground" "-no-remote" "-profile" "C:\\Users\\Bouhafs\\AppData\\Local\\Temp\\rust_mozprofile.cf49ZpBjPJ11"
Unable to read VR Path Registry from C:\Users\Bouhafs\AppData\Local\openvr\openvrpaths.vrpath
Unable to read VR Path Registry from C:\Users\Bouhafs\AppData\Local\openvr\openvrpaths.vrpath
Unable to read VR Path Registry from C:\Users\Bouhafs\AppData\Local\openvr\openvrpaths.vrpath
Unable to read VR Path Registry from C:\Users\Bouhafs\AppData\Local\openvr\openvrpaths.vrpath
Unable to read VR Path Registry from C:\Users\Bouhafs\AppData\Local\openvr\openvrpaths.vrpath
1554392414764	Marionette	INFO	Listening on port 52358
1554392415395	Marionette	WARN	TLS certificate errors will be ignored for this session
[Parent 9896, Gecko_IOThread] WARNING: pipe error: 109: file z:/build/build/src/ipc/chromium/src/chrome/common/ipc_channel_win.cc, line 346
[Parent 9896, Gecko_IOThread] WARNING: pipe error: 109: file z:/build/build/src/ipc/chromium/src/chrome/common/ipc_channel_win.cc, line 346
[Child 9636, Chrome_ChildThread] WARNING: pipe error: 109: file z:/build/build/src/ipc/chromium/src/chrome/common/ipc_channel_win.cc, line 346
[Child 9636, Chrome_Ch[Child 21068, Chrome_ChildThread] WARNING: pipe error: 232: file z:/build/build/src/ipc/chromium/src/chrome/common/ipc_channel_win.cc, line 513
[Chi
###!!! [Child][RunMessage] Error: Channel closing: too late to send/recv, messages will be lost

ld 21068, Chrome_ChildThread] WARNING: pipe error: 109: file z:/build/build/src/ipc/chromium/src/chrome/common/ipc_channel_win.cc, line 346
[Child 21068, Ch[Parent 9896, Gecko_IOThread] WARNING: pipe error: 109: file z:/build/build/src/ipc/chromium/src/chrome/common/ipc_channel_win.cc, line 346
[Child 8920, Chrome_ChildThread] WARNING: pipe error: 109: file z:/build/build/src/ipc/chromium/src/chrome/common/ipc_channel_win.cc, line 346
[Child 8920,[GPU 25916,
###!!! [Child][MessageChannel::SendAndWait] Error: Channel error: cannot send/recv

1554392657402	mozrunner::runner	INFO	Running command: "C:\\Program Files (x86)\\Mozilla Firefox\\firefox.exe" "-marionette" "-foreground" "-no-remote" "-profile" "C:\\Users\\Bouhafs\\AppData\\Local\\Temp\\rust_mozprofile.JOWkfTNhOV8z"
Unable to read VR Path Registry from C:\Users\Bouhafs\AppData\Local\openvr\openvrpaths.vrpath
Unable to read VR Path Registry from C:\Users\Bouhafs\AppData\Local\openvr\openvrpaths.vrpath
Unable to read VR Path Registry from C:\Users\Bouhafs\AppData\Local\openvr\openvrpaths.vrpath
Unable to read VR Path Registry from C:\Users\Bouhafs\AppData\Local\openvr\openvrpaths.vrpath
Unable to read VR Path Registry from C:\Users\Bouhafs\AppData\Local\openvr\openvrpaths.vrpath
1554392660787	Marionette	INFO	Listening on port 52448
1554392661825	Marionette	WARN	TLS certificate errors will be ignored for this session
[Parent 10944, Gecko_IOThread] WARNING: pipe error: 109: file z:/build/build/src/ipc/chromium/src/chrome/common/ipc_channel_win.cc, line 346
[Parent 10944, Gecko_IOThread] WARNING: pipe error: 109: file z:/build/build/src/ipc/chromium/src/chrome/common/ipc_channel_win.cc, line 346
[Child 27632, Chrome_ChildThread] WARNING: pipe error: 109: file z:/build/build/src/ipc/chromium/src/chrome/[Chicommonld/i p27c_41ch6,anne l_wChinro.mcec_C, hilildnTeh r3ea46d
] WARNING: pip[Ce heirror: 232: file z:/build/build/src/ipc/chromium/src/chrome/common/ipc_channel_win.cc, line 513
[Child 27416, Chrome_ChildThread] WARNING: pipe error: 232: file z:/build/build/src/ipc/chromium/src/chrome/common/ipc_channel_win.cc, line 513
[Child 27416, Chrome_ChildThread] WARNING: pipe error: 109: file z:/build/build/src/ipc/chromium/src/chrome/common/ipc_channel_win.cc, line 346
[Child 27416, Chrome_ChildThread] WARNING: pipe error: 109: file z:/build/build/src/ipc/chromium/src/chrome/common/ipc_channel_win.cc, line 346
[Parent 10944, Gecko_IOThread] WARNING: pipe error: 109: file z:/build/build/src/ipc/chromium/src/chrome/common/ipc_channel_win.cc, line 346
[Child 26696, Chrome_ChildThread] WARNING: pipe error: 109: file z:/build/build/src/ipc/chromium/src/chrome/common/ipc_channel_win.cc, line 346
[Child 2669[GPU 9940
###!!! [Child][MessageChannel::SendAndWait] Error: Channel error: cannot send/recv

e] Error: Channel closing: too late to send/recv, messages will be lost

[Child 27176, Chrome_ChildThread] WARNING[Child 15484, Chrome_ChildThread] WARNING: pipe error: 109: file z:/build/build/src/ipc/chromium/src/chrome/common/ipc_channel_win.cc, line 346
[Child 15484[Parent 10424, Gecko_IOThread] WARNING: pipe error: 109: file z:/build/build/src/ipc/chromium/src/chrome/common/ipc_channel_win.cc, line 346
[Child 26796, Chrome_ChildThread] WARNING: pipe error: 109: file z:/build/build/src/ipc/chromium/src/chrome/common/ipc_channel_win.cc, line 346
[Child 26796, Chrome_*** UTM:SVC TimerManager:registerTimer called after profile-before-change notification. Ignoring timer registration for id: telemetry_modules_ping
[GPU 18496, Chrome
###!!! [Child][MessageChannel::SendAndWait] Error: Channel error: cannot send/recv

1554392896983	mozrunner::runner	INFO	Running command: "C:\\Program Files (x86)\\Mozilla Firefox\\firefox.exe" "-marionette" "-foreground" "-no-remote" "-profile" "C:\\Users\\Bouhafs\\AppData\\Local\\Temp\\rust_mozprofile.VJLd0MEBSupB"
Unable to read VR Path Registry from C:\Users\Bouhafs\AppData\Local\openvr\openvrpaths.vrpath
Unable to read VR Path Registry from C:\Users\Bouhafs\AppData\Local\openvr\openvrpaths.vrpath
Unable to read VR Path Registry from C:\Users\Bouhafs\AppData\Local\openvr\openvrpaths.vrpath
Unable to read VR Path Registry from C:\Users\Bouhafs\AppData\Local\openvr\openvrpaths.vrpath
Unable to read VR Path Registry from C:\Users\Bouhafs\AppData\Local\openvr\openvrpaths.vrpath
1554392900337	Marionette	INFO	Listening on port 52618
1554392900836	Marionette	WARN	TLS certificate errors will be ignored for this session
[Parent 20940, Gecko_IOThread] WARNING: pipe error: 109: file z:/build/build/src/ipc/chromium/src/chrome/common/ipc_channel_win.cc, line 346
[Child 12168, Chrome_ChildThread] WARNING: pipe error: 109: file z:/build/build/src/ipc/chromium/src/chr[Parent 20940, Gecko_Iome/comOmonThread] WARNIN/ipc_chanGnel_win.cc, line 346
: pipe error: 109: file z:/build/build/src/ipc/chromium/src/chrome/common/ipc_channel_win.cc, line 346
[Child 25768, Chrome_ChildThread] WARNING: pipe error: 232: file z:/build/build/src/ipc/chromium/src/chrome/common/ipc_channel_win.cc, line 513
[Child 25768, Chrome_ChildThread] WARNING: pipe error: 109: file z:/build/build/src/ipc/chromium/src/chrome/common/ipc_channel_win.cc, line 346
[Child 25768, Chrome_ChildThread] WARNING: pipe error: 109: file z:/build/build/src/ipc/chromium/src/chrome/common/ipc_channel_win.cc, line 346
[Parent 20940, Gecko_IOThread] WARNING: pipe error: 109: file z:/build/build/src/ipc/chromium/src/chrome/common/ipc_channel_win.cc, line 346
[Child 14148, Chrome_ChildThread] WARNING: pipe error: 109: file z:/build/build/src/ipc/chromium/src/chrome/common/ipc_channel_win.cc, line 346
[Child 1*** UTM:SVC TimerManager:registerTimer called after profile-before-change notification. Ignoring timer registration for id: telemetry_modules_ping
[GPU 6120, Chrome_C
###!!! [Child][MessageChannel::SendAndWait] Error: Channel error: cannot send/recv

1554453516755	mozrunner::runner	INFO	Running command: "C:\\Program Files (x86)\\Mozilla Firefox\\firefox.exe" "-marionette" "-foreground" "-no-remote" "-profile" "C:\\Users\\Bouhafs\\AppData\\Local\\Temp\\rust_mozprofile.Obqq6PkCyzw3"
Unable to read VR Path Registry from C:\Users\Bouhafs\AppData\Local\openvr\openvrpaths.vrpath
Unable to read VR Path Registry from C:\Users\Bouhafs\AppData\Local\openvr\openvrpaths.vrpath
Unable to read VR Path Registry from C:\Users\Bouhafs\AppData\Local\openvr\openvrpaths.vrpath
Unable to read VR Path Registry from C:\Users\Bouhafs\AppData\Local\openvr\openvrpaths.vrpath
Unable to read VR Path Registry from C:\Users\Bouhafs\AppData\Local\openvr\openvrpaths.vrpath
1554453520031	Marionette	INFO	Listening on port 50909
1554453520369	Marionette	WARN	TLS certificate errors will be ignored for this session
[Parent 23176, Gecko_IOThread] WARNING: pipe error: 109: file z:/build/build/src/ipc/chromium/src/chrome/common/ipc_channel_win.cc, line 346
[Parent 23176, Gecko_IOThread] WARNING: pipe error: 109: file z:/build/build/src/ipc/chromium/src/chrome/common/ipc_channel_win.cc, line 346
[Child 10300, Chrome_ChildThread] WARNING: pipe error: 232: file z:/build/build/src/ipc/chromium/src/chrome/common/ipc_channel_win.cc, line 513
[Child 10300, Chrome_ChildThread] WARNING: pipe error: 232: file z:/build/build/src/ipc/chromium/src/chrome/common/ipc_channel_win.c[Cc, lhildine  13513732, 
Chrome_ChildThread] WARNING: pipe error: 109: file z:/build/build/sr[Cc/hilipc/d 10chro3m0i0u,m/s rc/chrChrome/come_Commhildon/Thiprec_adch]an WneARl_NIwiNGn.:cc p, iplie neerr 346or: 
109: file z:/bu[Chilildd 1373/b2, Chuild/src/ipc/chromium/src/chrome/common/ipc_channel_win.cc, line 346
[Child 10300, Chrome_ChildThread] WARNING: pipe error: 232: file z:/build/build/src/ipc/chromium/src/chrome/common/ipc_channel_win.cc, line 513
[Child 10300, Chrome_ChildThread] WARNING: pipe error: 109: file z:/build/build/src/ipc/chromium/src/chrome/common/ipc_channel_win.cc, line 346
[Parent 23176, Gecko_IOThread] WARNING: pipe error: 109: file z:/build/build/src/ipc/chromium/src/chrome/common/ipc_channel_win.cc, line 346
[Child 23084, Chrome_ChildThread] WARNING: pipe error: 109: file z:/build/build/src/ipc/chromium/src/chrome/common/ipc_channel_win.cc, line 346
[Child 23084, *** UTM:SVC TimerManager:registerTimer called after profile-before-change notification. Ignoring timer registration for id: telemetry_modules_ping

###!!! [Child][MessageChannel::SendAndWait] Error: Channel error: cannot send/recv

1554650684760	mozrunner::runner	INFO	Running command: "C:\\Program Files (x86)\\Mozilla Firefox\\firefox.exe" "-marionette" "-foreground" "-no-remote" "-profile" "C:\\Users\\Bouhafs\\AppData\\Local\\Temp\\rust_mozprofile.dw1NwRxlhZqy"
Unable to read VR Path Registry from C:\Users\Bouhafs\AppData\Local\openvr\openvrpaths.vrpath
Unable to read VR Path Registry from C:\Users\Bouhafs\AppData\Local\openvr\openvrpaths.vrpath
Unable to read VR Path Registry from C:\Users\Bouhafs\AppData\Local\openvr\openvrpaths.vrpath
Unable to read VR Path Registry from C:\Users\Bouhafs\AppData\Local\openvr\openvrpaths.vrpath
Unable to read VR Path Registry from C:\Users\Bouhafs\AppData\Local\openvr\openvrpaths.vrpath
1554650690621	Marionette	INFO	Listening on port 54246
1554650691064	Marionette	WARN	TLS certificate errors will be ignored for this session
[Child 14896, Chrome_ChildThread] WARNING: pipe error: 109: file z:/build/build/src/ipc/chromium/src/chrome/common/ipc_channel_win.cc, line 346
[Child 14896[Child 15372, Chrome_ChildThread] WARNING: pipe error: 109: file z:/build/build/src/ipc/chromium/src/chrome/common/ipc_channel_win.cc, line 346
[Child 15372, Chrome_ChildThread] WARNING[Parent 16136, Gecko_IOThread] WARNING: pipe error: 109: file z:/build/build/src/ipc/chromium/src/chrome/common/ipc_channel_win.cc, line 346
[Child 20400, Chrome_ChildThread] WARNING: pipe error: 109: file z:/build/build/src/ipc/chromium/src/chrome/common/ipc_channel_win.cc, line 346
[Child 20400, Chrome_Chi*** UTM:SVC TimerManager:registerTimer called after profile-before-change notification. Ignoring timer registration for id: telemetry_modules_ping
[GPU 19884, Chrome_ChildThread
###!!! [Child][MessageChannel::SendAndWait] Error: Channel error: cannot send/recv

1554650707428	mozrunner::runner	INFO	Running command: "C:\\Program Files (x86)\\Mozilla Firefox\\firefox.exe" "-marionette" "-foreground" "-no-remote" "-profile" "C:\\Users\\Bouhafs\\AppData\\Local\\Temp\\rust_mozprofile.8Czot78crA3X"
Unable to read VR Path Registry from C:\Users\Bouhafs\AppData\Local\openvr\openvrpaths.vrpath
Unable to read VR Path Registry from C:\Users\Bouhafs\AppData\Local\openvr\openvrpaths.vrpath
Unable to read VR Path Registry from C:\Users\Bouhafs\AppData\Local\openvr\openvrpaths.vrpath
Unable to read VR Path Registry from C:\Users\Bouhafs\AppData\Local\openvr\openvrpaths.vrpath
Unable to read VR Path Registry from C:\Users\Bouhafs\AppData\Local\openvr\openvrpaths.vrpath
1554650710744	Marionette	INFO	Listening on port 54289
1554650711242	Marionette	WARN	TLS certificate errors will be ignored for this session
[Child 13872, Chrome_ChildThread] WARNING: pipe error: 109: file z:/build/build/src/ipc/chromium/src/chrome/common/ipc_channel_win.cc, line 346
[Child 13872[Child 2388, Chrome_ChildThread] WARNING: pipe error: 109: file z:/build/build/src/ipc/chromium/src/chrome/common/ipc_channel_win.cc, line 346
[Child 2388, Chrome_ChildThread] WARN[Parent 19764, Gecko_IOThread] WARNING: pipe error: 109: file z:/build/build/src/ipc/chromium/src/chrome/common/ipc_channel_win.cc, line 346
[Child 7692, Chrome_ChildThread] WARNING: pipe error: 109: file z:/build/build/src/ipc/chromium/src/chrome/common/ipc_channel_win.cc, line 346
[Child 7692, Chrome_Ch*** UTM:SVC TimerManager:registerTimer called after profile-before-change notification. Ignoring timer registration for id: telemetry_modules_ping

###!!! [Child][MessageChannel::SendAndWait] Error: Channel error: cannot send/recv

 WARNING: pipe error: 109: file z:/build/build/src/ipc/chromium/src/chrome/common/ipc_channel_win.cc, line 346
[Child 13556, Chrome_ChildThread] WARNING: pipe error: 232: file z:/build/build/src/ipc/chromium/src/chrome/common/ipc_channel_win.cc, line 513

###!!! [Child][RunMessage] Error: Channel error: cannot send/recv

[Child 13556, Chrome_ChildT[Parent 16688, Gecko_IOThread] WARNING: pipe error: 109: file z:/build/build/src/ipc/chromium/src/chrome/common/ipc_channel_win.cc, line 346
[Child 17032, Chrome_ChildThread] WARNING: pipe error: 109: file z:/build/build/src/ipc/chromium/src/chrome/common/ipc_channel_win.cc, line 346
[Child 17032, Chrome_Chil*** UTM:SVC TimerManager:registerTimer called after profile-before-change notification. Ignoring timer registration for id: telemetry_modules_ping
[GPU 4604,
###!!! [Child][MessageChannel::SendAndWait] Error: Channel error: cannot send/recv

1554650769659	mozrunner::runner	INFO	Running command: "C:\\Program Files (x86)\\Mozilla Firefox\\firefox.exe" "-marionette" "-foreground" "-no-remote" "-profile" "C:\\Users\\Bouhafs\\AppData\\Local\\Temp\\rust_mozprofile.pZcWv1WwdO5p"
Unable to read VR Path Registry from C:\Users\Bouhafs\AppData\Local\openvr\openvrpaths.vrpath
Unable to read VR Path Registry from C:\Users\Bouhafs\AppData\Local\openvr\openvrpaths.vrpath
Unable to read VR Path Registry from C:\Users\Bouhafs\AppData\Local\openvr\openvrpaths.vrpath
Unable to read VR Path Registry from C:\Users\Bouhafs\AppData\Local\openvr\openvrpaths.vrpath
Unable to read VR Path Registry from C:\Users\Bouhafs\AppData\Local\openvr\openvrpaths.vrpath
1554650773081	Marionette	INFO	Listening on port 54408
1554650773539	Marionette	WARN	TLS certificate errors will be ignored for this session
[Parent 8608, Gecko_IOThread] WARNING: pipe error: 109: file z:/build/build/src/ipc/chromium/src/chrome/common/ipc_channel_win.cc, line 346
[Parent 8608, Gecko_IOThread] WARNING: pipe error: 109: file z:/build/build/src/ipc/chromium/src/chrome/common/ipc_channel_win.cc, line 346
[Child 20664, Chrome_ChildThread] WARNING: pipe error: 109: file z:/build/build/src/ipc/ch[Chromiium/ld 1src/c8124,hrome Chr/comome_moChn/ilidpTchre_chad] WARNIannNelG:_w ipipn.cce err, lior:ne 34 109:6
 file z:/bui[Chilld 2066d/build/src/ipc/chromium/src/chrome/common/ipc_channel_win.cc, line 346
[Child 18124,[Parent 8608, Gecko_IOThread] WARNING: pipe error: 109: file z:/build/build/src/ipc/chromium/src/chrome/common/ipc_channel_win.cc, line 346
[Child 21580, Chrome_ChildThread] WARNING: pipe error: 109: file z:/build/build/src/ipc/chromium/src/chrome/common/ipc_channel_win.cc, line 346
[Child 21580*** UTM:SVC TimerManager:registerTimer called after profile-before-change notification. Ignoring timer registration for id: telemetry_modules_ping

###!!! [Child][MessageChannel::SendAndWait] Error: Channel error: cannot send/recv

1554717017938	mozrunner::runner	INFO	Running command: "C:\\Program Files (x86)\\Mozilla Firefox\\firefox.exe" "-marionette" "-foreground" "-no-remote" "-profile" "C:\\Users\\Bouhafs\\AppData\\Local\\Temp\\rust_mozprofile.h2ZuskKnCEx0"
Unable to read VR Path Registry from C:\Users\Bouhafs\AppData\Local\openvr\openvrpaths.vrpath
Unable to read VR Path Registry from C:\Users\Bouhafs\AppData\Local\openvr\openvrpaths.vrpath
Unable to read VR Path Registry from C:\Users\Bouhafs\AppData\Local\openvr\openvrpaths.vrpath
Unable to read VR Path Registry from C:\Users\Bouhafs\AppData\Local\openvr\openvrpaths.vrpath
Unable to read VR Path Registry from C:\Users\Bouhafs\AppData\Local\openvr\openvrpaths.vrpath
1554717022147	Marionette	INFO	Listening on port 57594
1554717023127	Marionette	WARN	TLS certificate errors will be ignored for this session
[Parent 3484, Gecko_IOThread] WARNING: pipe error: 109: file z:/build/build/src/ipc/chromium/src/chrome/common/ipc_channel_win.cc, line 346
[Child 20768, Chrome_ChildThread] WARNING: pipe error: 109: file z:/build/build/src/ipc/chromium/src/chrome/common/ipc_channel_win.cc, line 346
[Child 20768, C[Parent 3484, Gecko_IOThread] WARNING: pipe error: 109: file z:/build/build/src/ipc/chromium/src/chrome/common/ipc_channel_win.cc, line 346
[Child 4588, Chrome_ChildThread] WARNING: pipe error: 109: file z:/build/build/src/ipc/chromium/src/chrome/common/ipc_channel_win.cc, line 346
[Child 4588, Chrome_ChildThread] W*** UTM:SVC TimerManager:registerTimer called after profile-before-change notification. Ignoring timer registration for id: telemetry_modules_ping

###!!! [Child][MessageChannel::SendAndWait] Error: Channel error: cannot send/recv

1554717124500	mozrunner::runner	INFO	Running command: "C:\\Program Files (x86)\\Mozilla Firefox\\firefox.exe" "-marionette" "-foreground" "-no-remote" "-profile" "C:\\Users\\Bouhafs\\AppData\\Local\\Temp\\rust_mozprofile.hUIlTMac35lH"
Unable to read VR Path Registry from C:\Users\Bouhafs\AppData\Local\openvr\openvrpaths.vrpath
Unable to read VR Path Registry from C:\Users\Bouhafs\AppData\Local\openvr\openvrpaths.vrpath
Unable to read VR Path Registry from C:\Users\Bouhafs\AppData\Local\openvr\openvrpaths.vrpath
Unable to read VR Path Registry from C:\Users\Bouhafs\AppData\Local\openvr\openvrpaths.vrpath
Unable to read VR Path Registry from C:\Users\Bouhafs\AppData\Local\openvr\openvrpaths.vrpath
1554717127885	Marionette	INFO	Listening on port 57689
1554717128423	Marionette	WARN	TLS certificate errors will be ignored for this session
[Child 13628, Chrome_ChildThread] WARNING: pipe error: 109: file z:/build/build/src/ipc/chromium/src/chrome/common/ipc_channel_win.cc, line 346
[Child 136[Parent 3940, Gecko_IOThread] WARNING: pipe error: 109: file z:/build/build/src/ipc/chromium/src/chrome/common/ipc_channel_win.cc, line 346

###!!! [Child][RunMessage] Error: Channel closing: too late to send/recv, messages will be lost

[Chi
###!!! [Child][RunMessage] Error: Channel closing: too late to send/recv, messages will be lost

ld 8696, Chrome_ChildThread] WARNING: pipe error: 109: file z:/build/build/src/ipc/chromium/src/chrome/common/ipc_channel_win.cc, line 346
[Child 8696, Chrome_ChildThrea[Parent 3940, Gecko_IOThread] WARNING: pipe error: 109: file z:/build/build/src/ipc/chromium/src/chrome/common/ipc_channel_win.cc, line 346
[Child 16724, Chrome_ChildThread] WARNING: pipe error: 109: file z:/build/build/src/ipc/chromium/src/chrome/common/ipc_channel_win.cc, line 346
[Child 16724, Chrom*** UTM:SVC TimerManager:registerTimer called after profile-before-change notification. Ignoring timer registration for id: telemetry_modules_ping
[GPU 7460, Ch
###!!! [Child][MessageChannel::SendAndWait] Error: Channel error: cannot send/recv

romium/src/chrome/common/ipc_channel_win.cc, line 346
[Chi[Parent 8216, Gecko_IOThread] WARNING: pipe error: 109: file z:/build/build/src/ipc/chromium/src/chrome/common/ipc_channel_win.cc, line 346
[Child 19700, Chrome_ChildThread] WARNING: pipe error: 109: file z:/build/build/src/ipc/chromium/src/chrome/common/ipc_channel_win.cc, line 346
[Child 19700, Chrom*** UTM:SVC TimerManager:registerTimer called after profile-before-change notification. Ignoring timer registration for id: telemetry_modules_ping
[GPU 13772, 
###!!! [Child][MessageChannel::SendAndWait] Error: Channel error: cannot send/recv

1554726061848	mozrunner::runner	INFO	Running command: "C:\\Program Files (x86)\\Mozilla Firefox\\firefox.exe" "-marionette" "-foreground" "-no-remote" "-profile" "C:\\Users\\Bouhafs\\AppData\\Local\\Temp\\rust_mozprofile.WAhIDKFDeylm"
Unable to read VR Path Registry from C:\Users\Bouhafs\AppData\Local\openvr\openvrpaths.vrpath
Unable to read VR Path Registry from C:\Users\Bouhafs\AppData\Local\openvr\openvrpaths.vrpath
Unable to read VR Path Registry from C:\Users\Bouhafs\AppData\Local\openvr\openvrpaths.vrpath
Unable to read VR Path Registry from C:\Users\Bouhafs\AppData\Local\openvr\openvrpaths.vrpath
Unable to read VR Path Registry from C:\Users\Bouhafs\AppData\Local\openvr\openvrpaths.vrpath
1554726066064	Marionette	INFO	Listening on port 58284
1554726066655	Marionette	WARN	TLS certificate errors will be ignored for this session
[Parent 13020, Gecko_IOThread] WARNING: pipe error: 109: file z:/build/build/src/ipc/chromium/src/chrome/common/ipc_channel_win.cc, line 346
[Parent 13020, Gecko_IOThread] WARNING: pipe error: 109: file z:/build/build/src/ipc/chromium/src/chrome/common/ipc_channel_win.cc, line 346
[Child 12372, Chrome_ChildThread] WARNING: pipe error: 109: file z:/build/build/src/ipc/chromium/src/chro[Chmild 1e/com035mo6,n/ Ciphrc_omche_anChneill_dThwiren.adcc] ,W lARinNIe NG34: 6
pipe error: 109: fil[Child 1e z:/build/build/src/ipc/chromium/src/chrome/common/ipc_channel_win.cc, line 346
[Child 10356, Ch[Parent 13020, Gecko_IOThread] WARNING: pipe error: 109: file z:/build/build/src/ipc/chromium/src/chrome/common/ipc_channel_win.cc, line 346
[Child 5176, Chrome_ChildThread] WARNING: pipe error: 109: file z:/build/build/src/ipc/chromium/src/chrome/common/ipc_channel_win.cc, line 346
[Child 5176, Chrome_ChildTh*** UTM:SVC TimerManager:registerTimer called after profile-before-change notification. Ignoring timer registration for id: telemetry_modules_ping
[GPU 16356
###!!! [Child][MessageChannel::SendAndWait] Error: Channel error: cannot send/recv

