1554390372619	mozrunner::runner	INFO	Running command: "C:\\Program Files (x86)\\Mozilla Firefox\\firefox.exe" "-marionette" "-foreground" "-no-remote" "-profile" "C:\\Users\\Bouhafs\\AppData\\Local\\Temp\\rust_mozprofile.gk46wLYrIOHy"
1554390373634	mozrunner::runner	INFO	Running command: "C:\\Program Files (x86)\\Mozilla FirefoxUnable to read VR Path Registry from C:\Users\Bouhafs\AppData\Local\openvr\openvrpaths.vrpath
Unable to read VR Path Registry from C:\UsersUnable to read VR Path Registry from C:\Users\Bouhafs\AppData\Local\openvr\openvrpaths.vrpath
Unable to read VR Path Registry from C:\Users\BouhUnable to read VR Path Registry from C:\Users\Bouhafs\AppData\Local\openvr\openvrpaths.vrpath
1554390379952	Marionette	INFO	Listening on port 51988
1554390381661	Marionette	WARN	TLS certificate errors will be ignored for this sessionUn[Parent 13692, Gecko_IOThread] WARNING: pipe error: 109: file z:/build/build/src/ipc/chromium/src/chrome/common/ipc_channel_win.cc, line 346
[Child 24896, Chrome_ChildThread] WARNING: pipe error: 232: file z:/build/build/src/ipc/chromium/src/chrome/common/ipc_channel_win.cc, line 513
[Child 24896, Chrome_ChildThread] WARNING: pipe e[Chirror: l2d3 126:3 2f8, Cilehrome_ChildThread]  WARNz:/buiINGld/build/src/ipc: p/chroipe emirroumr:/s 109:rc/ch firomle z:/builde/com/bumonild//srcipc_/ipc/chchromiuanm/nesrlc_/wchironm.cc,e/commo lin/ine pc_c513han
nel_win.cc, li[Chine ld 34624896, Chrome_Child
Thread] WARNING: pi[Chpiel error: 232: file z:/build/build/src/ipc/chromium/src/chrome/common/ipc_channel_win.cc, line 513
[Child 24896, Chrome_ChildThread] WARNING: pipe error: 109: file z:/build/build/src/ipc/chromium/src/chrome/common/ipc_channel_win.cc, line 346
[Child 24896, Chrome_ChildThread] WARNING: pipe error: 109: file z:/build/build/src/ipc/chromium/src/chrome/common/ipc_channel_win.cc, line 346
JavaScript error: jar:file:///C:/Program%20Files%20(x86)/Mozilla%20Firefox/omni.ja!/components/nsUrlClassifierListManager.js, line 589: TypeError: this.tablesData[table] is undefined
[Parent 13692, Gecko_IOThread] WARNING: pipe error: 109: file z:/build/build/src/ipc/chromium/src/chrome/common/ipc_channel_win.cc, line 346
[Child 23848, Chrome_ChildThread] WARNING: pipe error: 109: file z:/build/build/src/ipc/chromium/src/chrome/common/ipc_channel_win.cc, line 346
[Child 2384*** UTM:SVC TimerManager:registerTimer called after profile-before-change notification. Ignoring timer registration for id: telemetry_modules_ping

###!!! [Child][MessageChannel::SendAndWait] Error: Channel error: cannot send/recv

rome/common/ipc_channel_win.cc, line 346
[Child 21244, Chrome_ChildThread] WARNING: pipe error: 109: file z:/build/build/src/ipc/chromium/src/chrome/common/ipc_channel_win.cc, line 346
[Child 21244, Chrom[Child 13624, Chrome_ChildThread] WARNING: pipe error: 109: file z:/build/build/src/ipc/chromium/src/chrome/common/ipc_channel_win.cc, line 346
[Child 13624, Chrome_[Parent 4516, Gecko_IOThread] WARNING: pipe error: 109: file z:/build/build/src/ipc/chromium/src/chrome/common/ipc_channel_win.cc, line 346
[Child 3088, Chrome_ChildThread] WARNING: pipe error: 109: file z:/build/build/src/ipc/chromium/src/chrome/common/ipc_channel_win.cc, line 346
[Child 3088, C*** UTM:SVC TimerManager:registerTimer called after profile-before-change notification. Ignoring timer registration for id: telemetry_modules_ping
[GPU 21760, Chrom
###!!! [Child][MessageChannel::SendAndWait] Error: Channel error: cannot send/recv

##!!! [Child][MessageChannel::SendAndWait] Error: Channel error: cannot send/recv

: file z:/build/build/src/ipc/chromium/src/chrome/common/ipc_channel_win.cc, line 346
[Child 21668[Parent 26472, Gecko_IOThread] WARNING: pipe error: 109: file z:/build/build/src/ipc/chromium/src/chrome/common/ipc_channel_win.cc, line 346
[Child 14784, Chrome_ChildThread] WARNING: pipe error: 109: file z:/build/build/src/ipc/chromium/src/chrome/common/ipc_channel_win.cc, line 346
[Child 14784*** UTM:SVC TimerManager:registerTimer called after profile-before-change notification. Ignoring timer registration for id: telemetry_modules_ping
[GPU 11100, Chrome_ChildThread] WARNING: pi
###!!! [Child][MessageChannel::SendAndWait] Error: Channel error: cannot send/recv

